<?xml version="1.0" encoding="UTF-8"?>
<!-- Generated by org.testng.reporters.JUnitXMLReporter -->
<testsuite ignored="0" hostname="e404236" failures="0" tests="10" name="Test" time="40.348" errors="0" timestamp="2025-07-26T00:28:39 IST">
  <testcase classname="com.testNG.InvocationCountTesting" name="facebook" time="6.384"/>
  <testcase classname="com.testNG.InvocationCountTesting" name="facebook" time="3.971"/>
  <testcase classname="com.testNG.InvocationCountTesting" name="facebook" time="3.725"/>
  <testcase classname="com.testNG.InvocationCountTesting" name="facebook" time="3.637"/>
  <testcase classname="com.testNG.InvocationCountTesting" name="facebook" time="3.59"/>
  <testcase classname="com.testNG.InvocationCountTesting" name="facebook" time="3.785"/>
  <testcase classname="com.testNG.InvocationCountTesting" name="facebook" time="3.532"/>
  <testcase classname="com.testNG.InvocationCountTesting" name="facebook" time="3.745"/>
  <testcase classname="com.testNG.InvocationCountTesting" name="facebook" time="3.966"/>
  <testcase classname="com.testNG.InvocationCountTesting" name="facebook" time="3.929"/>
</testsuite> <!-- Test -->
